Exception at PC 0x000007FEFCA8B87D
Exception at PC 0x000007FEFCA8B87D
Unable to capture context for thread 9960 in process 11256, can not generate back trace
Exception at PC 0x000007FE9DCEBB93
Printing stacktrace...

Unable to capture context for thread 9960 in process 11256, can not generate back trace
Exception at PC 0x000007FEFCA8B87D
Exception at PC 0x000007FEFCA8B87D
Exception at PC 0x000007FEFCA8B87D
Exception at PC 0x000007FEFCA8B87D
Exception at PC 0x000007FEFCA8B87D
Exception at PC 0x000007FEFCA8B87D
Exception at PC 0x000007FEFCA8B87D
Exception at PC 0x000007FEFCA8B87D
Exception at PC 0x000007FEFCA8B87D
Exception at PC 0x000007FEFCA8B87D
Exception at PC 0x000007FEFCA8B87D
Exception at PC 0x000007FEFCA8B87D
[0]  [0x000007FE9DCEBB93]
[1]  [0x000007FE9DCEBB93]
[2]  [0x000007FE9DCEB4A1]
[3]  [0x000007FE9DCEB3EF]
[4]  [0x000007FE9DCD19FE]
[5]  [0x000007FE9DCD0ED1]
[6]  [0x000007FE9DCD0D76]
[7]  [0x000007FE9DC779F6]
[8]  [0x000007FE9DC67AFB]
[9]  [0x000007FE9DD8E90A]
[10]  [0x000007FE9DDA9F87]
[11]  [0x000007FE9DDAA05F]
[12] (BaseThreadInitThunk+0xd) [0x0000000076DE556D]
[13] (RtlUserThreadStart+0x1d) [0x0000000076F4372D]
Done
Exception at PC 0x000007FEFCA8B87D
Exception at PC 0x000007FEFCA8B87D
Exception at PC 0x000007FEFCA8B87D
Exception at PC 0x000007FEFCA8B87D
